# JRE version: Java(TM) SE Runtime Environment (8.0_201-b09) (build 1.8.0_201-b09)
# Java VM: Java HotSpot(TM) 64-Bit Server VM (25.201-b09 mixed mode linux-amd64 compressed oops)
Heap:
 PSYoungGen      total 7468032K, used 432097K [0x0000000580000000, 0x0000000763600000, 0x0000000800000000)
  eden space 7035904K, 0% used [0x0000000580000000,0x0000000580000000,0x000000072d700000)
  from space 432128K, 99% used [0x000000072d700000,0x0000000747cf8578,0x0000000747d00000)
  to   space 405504K, 0% used [0x0000000747d00000,0x0000000747d00000,0x0000000760900000)
 ParOldGen       total 984064K, used 754617K [0x0000000080000000, 0x00000000bc100000, 0x0000000580000000)
  object space 984064K, 76% used [0x0000000080000000,0x00000000ae0ee688,0x00000000bc100000)
 Metaspace       used 74976K, capacity 75850K, committed 76072K, reserved 1114112K
  class space    used 10834K, capacity 11018K, committed 11056K, reserved 1048576K
GC Heap History (10 events):
Event: 169,682 GC heap after
Heap after GC invocations=41 (full 5):
 PSYoungGen      total 5952512K, used 243132K [0x0000000580000000, 0x0000000703a00000, 0x0000000800000000)
  eden space 5613056K, 0% used [0x0000000580000000,0x0000000580000000,0x00000006d6980000)
  from space 339456K, 71% used [0x00000006ec780000,0x00000006fb4ef038,0x0000000701300000)
  to   space 358400K, 0% used [0x00000006d6980000,0x00000006d6980000,0x00000006ec780000)
 ParOldGen       total 984064K, used 243747K [0x0000000080000000, 0x00000000bc100000, 0x0000000580000000)
  object space 984064K, 24% used [0x0000000080000000,0x000000008ee08f68,0x00000000bc100000)
 Metaspace       used 74443K, capacity 75288K, committed 75560K, reserved 1114112K
  class space    used 10823K, capacity 10999K, committed 11056K, reserved 1048576K
}
Event: 172,211 GC heap before
{Heap before GC invocations=42 (full 5):
 PSYoungGen      total 5952512K, used 5856188K [0x0000000580000000, 0x0000000703a00000, 0x0000000800000000)
  eden space 5613056K, 100% used [0x0000000580000000,0x00000006d6980000,0x00000006d6980000)
  from space 339456K, 71% used [0x00000006ec780000,0x00000006fb4ef038,0x0000000701300000)
  to   space 358400K, 0% used [0x00000006d6980000,0x00000006d6980000,0x00000006ec780000)
 ParOldGen       total 984064K, used 243747K [0x0000000080000000, 0x00000000bc100000, 0x0000000580000000)
  object space 984064K, 24% used [0x0000000080000000,0x000000008ee08f68,0x00000000bc100000)
 Metaspace       used 74443K, capacity 75288K, committed 75560K, reserved 1114112K
  class space    used 10823K, capacity 10999K, committed 11056K, reserved 1048576K
Event: 172,254 GC heap after
Heap after GC invocations=42 (full 5):
 PSYoungGen      total 5971456K, used 231207K [0x0000000580000000, 0x000000072ba00000, 0x0000000800000000)
  eden space 5613056K, 0% used [0x0000000580000000,0x0000000580000000,0x00000006d6980000)
  from space 358400K, 64% used [0x00000006d6980000,0x00000006e4b49ed8,0x00000006ec780000)
  to   space 368128K, 0% used [0x0000000715280000,0x0000000715280000,0x000000072ba00000)
 ParOldGen       total 984064K, used 243747K [0x0000000080000000, 0x00000000bc100000, 0x0000000580000000)
  object space 984064K, 24% used [0x0000000080000000,0x000000008ee08f68,0x00000000bc100000)
 Metaspace       used 74443K, capacity 75288K, committed 75560K, reserved 1114112K
  class space    used 10823K, capacity 10999K, committed 11056K, reserved 1048576K
}
Event: 174,738 GC heap before
{Heap before GC invocations=43 (full 5):
 PSYoungGen      total 5971456K, used 5844263K [0x0000000580000000, 0x000000072ba00000, 0x0000000800000000)
  eden space 5613056K, 100% used [0x0000000580000000,0x00000006d6980000,0x00000006d6980000)
  from space 358400K, 64% used [0x00000006d6980000,0x00000006e4b49ed8,0x00000006ec780000)
  to   space 368128K, 0% used [0x0000000715280000,0x0000000715280000,0x000000072ba00000)
 ParOldGen       total 984064K, used 243747K [0x0000000080000000, 0x00000000bc100000, 0x0000000580000000)
  object space 984064K, 24% used [0x0000000080000000,0x000000008ee08f68,0x00000000bc100000)
 Metaspace       used 74444K, capacity 75288K, committed 75560K, reserved 1114112K
  class space    used 10824K, capacity 10999K, committed 11056K, reserved 1048576K
Event: 174,789 GC heap after
Heap after GC invocations=43 (full 5):
 PSYoungGen      total 6625792K, used 246681K [0x0000000580000000, 0x000000072d480000, 0x0000000800000000)
  eden space 6257664K, 0% used [0x0000000580000000,0x0000000580000000,0x00000006fdf00000)
  from space 368128K, 67% used [0x0000000715280000,0x0000000724366540,0x000000072ba00000)
  to   space 380416K, 0% used [0x00000006fdf00000,0x00000006fdf00000,0x0000000715280000)
 ParOldGen       total 984064K, used 243747K [0x0000000080000000, 0x00000000bc100000, 0x0000000580000000)
  object space 984064K, 24% used [0x0000000080000000,0x000000008ee08f68,0x00000000bc100000)
 Metaspace       used 74444K, capacity 75288K, committed 75560K, reserved 1114112K
  class space    used 10824K, capacity 10999K, committed 11056K, reserved 1048576K
}
Event: 177,645 GC heap before
{Heap before GC invocations=44 (full 5):
 PSYoungGen      total 6625792K, used 6504345K [0x0000000580000000, 0x000000072d480000, 0x0000000800000000)
  eden space 6257664K, 100% used [0x0000000580000000,0x00000006fdf00000,0x00000006fdf00000)
  from space 368128K, 67% used [0x0000000715280000,0x0000000724366540,0x000000072ba00000)
  to   space 380416K, 0% used [0x00000006fdf00000,0x00000006fdf00000,0x0000000715280000)
 ParOldGen       total 984064K, used 243747K [0x0000000080000000, 0x00000000bc100000, 0x0000000580000000)
  object space 984064K, 24% used [0x0000000080000000,0x000000008ee08f68,0x00000000bc100000)
 Metaspace       used 74449K, capacity 75288K, committed 75560K, reserved 1114112K
  class space    used 10824K, capacity 10999K, committed 11056K, reserved 1048576K
Event: 177,748 GC heap after
Heap after GC invocations=44 (full 5):
 PSYoungGen      total 6638080K, used 291752K [0x0000000580000000, 0x0000000760900000, 0x0000000800000000)
  eden space 6257664K, 0% used [0x0000000580000000,0x0000000580000000,0x00000006fdf00000)
  from space 380416K, 76% used [0x00000006fdf00000,0x000000070fbea2a8,0x0000000715280000)
  to   space 405504K, 0% used [0x0000000747d00000,0x0000000747d00000,0x0000000760900000)
 ParOldGen       total 984064K, used 243747K [0x0000000080000000, 0x00000000bc100000, 0x0000000580000000)
  object space 984064K, 24% used [0x0000000080000000,0x000000008ee08f68,0x00000000bc100000)
 Metaspace       used 74449K, capacity 75288K, committed 75560K, reserved 1114112K
  class space    used 10824K, capacity 10999K, committed 11056K, reserved 1048576K
}
Event: 180,719 GC heap before
{Heap before GC invocations=45 (full 5):
 PSYoungGen      total 6638080K, used 6549416K [0x0000000580000000, 0x0000000760900000, 0x0000000800000000)
  eden space 6257664K, 100% used [0x0000000580000000,0x00000006fdf00000,0x00000006fdf00000)
  from space 380416K, 76% used [0x00000006fdf00000,0x000000070fbea2a8,0x0000000715280000)
  to   space 405504K, 0% used [0x0000000747d00000,0x0000000747d00000,0x0000000760900000)
 ParOldGen       total 984064K, used 243747K [0x0000000080000000, 0x00000000bc100000, 0x0000000580000000)
  object space 984064K, 24% used [0x0000000080000000,0x000000008ee08f68,0x00000000bc100000)
 Metaspace       used 74450K, capacity 75288K, committed 75560K, reserved 1114112K
  class space    used 10824K, capacity 10999K, committed 11056K, reserved 1048576K
Event: 180,784 GC heap after
Heap after GC invocations=45 (full 5):
 PSYoungGen      total 7441408K, used 310742K [0x0000000580000000, 0x0000000763600000, 0x0000000800000000)
  eden space 7035904K, 0% used [0x0000000580000000,0x0000000580000000,0x000000072d700000)
  from space 405504K, 76% used [0x0000000747d00000,0x000000075ac75ab0,0x0000000760900000)
  to   space 432128K, 0% used [0x000000072d700000,0x000000072d700000,0x0000000747d00000)
 ParOldGen       total 984064K, used 243747K [0x0000000080000000, 0x00000000bc100000, 0x0000000580000000)
  object space 984064K, 24% used [0x0000000080000000,0x000000008ee08f68,0x00000000bc100000)
 Metaspace       used 74450K, capacity 75288K, committed 75560K, reserved 1114112K
  class space    used 10824K, capacity 10999K, committed 11056K, reserved 1048576K
}
Event: 184,472 GC heap before
{Heap before GC invocations=46 (full 5):
 PSYoungGen      total 7441408K, used 7321017K [0x0000000580000000, 0x0000000763600000, 0x0000000800000000)
  eden space 7035904K, 99% used [0x0000000580000000,0x000000072bdf8cc8,0x000000072d700000)
  from space 405504K, 76% used [0x0000000747d00000,0x000000075ac75ab0,0x0000000760900000)
  to   space 432128K, 0% used [0x000000072d700000,0x000000072d700000,0x0000000747d00000)
 ParOldGen       total 984064K, used 243747K [0x0000000080000000, 0x00000000bc100000, 0x0000000580000000)
  object space 984064K, 24% used [0x0000000080000000,0x000000008ee08f68,0x00000000bc100000)
 Metaspace       used 74976K, capacity 75850K, committed 76072K, reserved 1114112K
  class space    used 10834K, capacity 11018K, committed 11056K, reserved 1048576K

