# JRE version: Java(TM) SE Runtime Environment (8.0_201-b09) (build 1.8.0_201-b09)
# Java VM: Java HotSpot(TM) 64-Bit Server VM (25.201-b09 mixed mode linux-amd64 compressed oops)
Heap:
 PSYoungGen      total 4561408K, used 1433302K [0x0000000580000000, 0x0000000749c80000, 0x0000000800000000)
  eden space 1594880K, 0% used [0x0000000580000000,0x0000000580000000,0x00000005e1580000)
  from space 2966528K, 48% used [0x0000000694b80000,0x00000006ec335b80,0x0000000749c80000)
  to   space 2938880K, 0% used [0x00000005e1580000,0x00000005e1580000,0x0000000694b80000)
 ParOldGen       total 9406464K, used 9406110K [0x0000000080000000, 0x00000002be200000, 0x0000000580000000)
  object space 9406464K, 99% used [0x0000000080000000,0x00000002be1a7b40,0x00000002be200000)
 Metaspace       used 71138K, capacity 71666K, committed 71960K, reserved 1110016K
  class space    used 10538K, capacity 10679K, committed 10784K, reserved 1048576K
GC Heap History (10 events):
Event: 66,180 GC heap after
Heap after GC invocations=36 (full 7):
 PSYoungGen      total 3073024K, used 1741031K [0x0000000580000000, 0x0000000705180000, 0x0000000800000000)
  eden space 1330176K, 0% used [0x0000000580000000,0x0000000580000000,0x00000005d1300000)
  from space 1742848K, 99% used [0x00000005d1300000,0x000000063b739ce0,0x000000063b900000)
  to   space 2445824K, 0% used [0x000000066fd00000,0x000000066fd00000,0x0000000705180000)
 ParOldGen       total 6807552K, used 4919634K [0x0000000080000000, 0x000000021f800000, 0x0000000580000000)
  object space 6807552K, 72% used [0x0000000080000000,0x00000001ac454bc0,0x000000021f800000)
 Metaspace       used 71127K, capacity 71666K, committed 71960K, reserved 1110016K
  class space    used 10538K, capacity 10679K, committed 10784K, reserved 1048576K
}
Event: 67,111 GC heap before
{Heap before GC invocations=37 (full 7):
 PSYoungGen      total 3073024K, used 3071207K [0x0000000580000000, 0x0000000705180000, 0x0000000800000000)
  eden space 1330176K, 100% used [0x0000000580000000,0x00000005d1300000,0x00000005d1300000)
  from space 1742848K, 99% used [0x00000005d1300000,0x000000063b739ce0,0x000000063b900000)
  to   space 2445824K, 0% used [0x000000066fd00000,0x000000066fd00000,0x0000000705180000)
 ParOldGen       total 6807552K, used 4919634K [0x0000000080000000, 0x000000021f800000, 0x0000000580000000)
  object space 6807552K, 72% used [0x0000000080000000,0x00000001ac454bc0,0x000000021f800000)
 Metaspace       used 71127K, capacity 71666K, committed 71960K, reserved 1110016K
  class space    used 10538K, capacity 10679K, committed 10784K, reserved 1048576K
Event: 68,629 GC heap after
Heap after GC invocations=37 (full 7):
 PSYoungGen      total 3897344K, used 1292512K [0x0000000580000000, 0x0000000706b80000, 0x0000000800000000)
  eden space 1451520K, 0% used [0x0000000580000000,0x0000000580000000,0x00000005d8980000)
  from space 2445824K, 52% used [0x000000066fd00000,0x00000006beb38010,0x0000000705180000)
  to   space 2475008K, 0% used [0x00000005d8980000,0x00000005d8980000,0x000000066fa80000)
 ParOldGen       total 6807552K, used 6665442K [0x0000000080000000, 0x000000021f800000, 0x0000000580000000)
  object space 6807552K, 97% used [0x0000000080000000,0x0000000216d38bd0,0x000000021f800000)
 Metaspace       used 71127K, capacity 71666K, committed 71960K, reserved 1110016K
  class space    used 10538K, capacity 10679K, committed 10784K, reserved 1048576K
}
Event: 68,629 GC heap before
{Heap before GC invocations=38 (full 8):
 PSYoungGen      total 3897344K, used 1292512K [0x0000000580000000, 0x0000000706b80000, 0x0000000800000000)
  eden space 1451520K, 0% used [0x0000000580000000,0x0000000580000000,0x00000005d8980000)
  from space 2445824K, 52% used [0x000000066fd00000,0x00000006beb38010,0x0000000705180000)
  to   space 2475008K, 0% used [0x00000005d8980000,0x00000005d8980000,0x000000066fa80000)
 ParOldGen       total 6807552K, used 6665442K [0x0000000080000000, 0x000000021f800000, 0x0000000580000000)
  object space 6807552K, 97% used [0x0000000080000000,0x0000000216d38bd0,0x000000021f800000)
 Metaspace       used 71127K, capacity 71666K, committed 71960K, reserved 1110016K
  class space    used 10538K, capacity 10679K, committed 10784K, reserved 1048576K
Event: 89,116 GC heap after
Heap after GC invocations=38 (full 8):
 PSYoungGen      total 3897344K, used 1143758K [0x0000000580000000, 0x0000000706b80000, 0x0000000800000000)
  eden space 1451520K, 0% used [0x0000000580000000,0x0000000580000000,0x00000005d8980000)
  from space 2445824K, 46% used [0x000000066fd00000,0x00000006b59f3820,0x0000000705180000)
  to   space 2475008K, 0% used [0x00000005d8980000,0x00000005d8980000,0x000000066fa80000)
 ParOldGen       total 9305088K, used 6807360K [0x0000000080000000, 0x00000002b7f00000, 0x0000000580000000)
  object space 9305088K, 73% used [0x0000000080000000,0x000000021f7d02b0,0x00000002b7f00000)
 Metaspace       used 71127K, capacity 71666K, committed 71960K, reserved 1110016K
  class space    used 10538K, capacity 10679K, committed 10784K, reserved 1048576K
}
Event: 90,161 GC heap before
{Heap before GC invocations=39 (full 8):
 PSYoungGen      total 3897344K, used 2595278K [0x0000000580000000, 0x0000000706b80000, 0x0000000800000000)
  eden space 1451520K, 100% used [0x0000000580000000,0x00000005d8980000,0x00000005d8980000)
  from space 2445824K, 46% used [0x000000066fd00000,0x00000006b59f3820,0x0000000705180000)
  to   space 2475008K, 0% used [0x00000005d8980000,0x00000005d8980000,0x000000066fa80000)
 ParOldGen       total 9305088K, used 6807360K [0x0000000080000000, 0x00000002b7f00000, 0x0000000580000000)
  object space 9305088K, 73% used [0x0000000080000000,0x000000021f7d02b0,0x00000002b7f00000)
 Metaspace       used 71134K, capacity 71666K, committed 71960K, reserved 1110016K
  class space    used 10538K, capacity 10679K, committed 10784K, reserved 1048576K
Event: 95,535 GC heap after
Heap after GC invocations=39 (full 8):
 PSYoungGen      total 3926528K, used 2474976K [0x0000000580000000, 0x0000000749d80000, 0x0000000800000000)
  eden space 1451520K, 0% used [0x0000000580000000,0x0000000580000000,0x00000005d8980000)
  from space 2475008K, 99% used [0x00000005d8980000,0x000000066fa78010,0x000000066fa80000)
  to   space 2967552K, 0% used [0x0000000694b80000,0x0000000694b80000,0x0000000749d80000)
 ParOldGen       total 9305088K, used 6924688K [0x0000000080000000, 0x00000002b7f00000, 0x0000000580000000)
  object space 9305088K, 74% used [0x0000000080000000,0x0000000226a642b0,0x00000002b7f00000)
 Metaspace       used 71134K, capacity 71666K, committed 71960K, reserved 1110016K
  class space    used 10538K, capacity 10679K, committed 10784K, reserved 1048576K
}
Event: 96,574 GC heap before
{Heap before GC invocations=40 (full 8):
 PSYoungGen      total 3926528K, used 3926496K [0x0000000580000000, 0x0000000749d80000, 0x0000000800000000)
  eden space 1451520K, 100% used [0x0000000580000000,0x00000005d8980000,0x00000005d8980000)
  from space 2475008K, 99% used [0x00000005d8980000,0x000000066fa78010,0x000000066fa80000)
  to   space 2967552K, 0% used [0x0000000694b80000,0x0000000694b80000,0x0000000749d80000)
 ParOldGen       total 9305088K, used 6924688K [0x0000000080000000, 0x00000002b7f00000, 0x0000000580000000)
  object space 9305088K, 74% used [0x0000000080000000,0x0000000226a642b0,0x00000002b7f00000)
 Metaspace       used 71138K, capacity 71666K, committed 71960K, reserved 1110016K
  class space    used 10538K, capacity 10679K, committed 10784K, reserved 1048576K
Event: 104,610 GC heap after
Heap after GC invocations=40 (full 8):
 PSYoungGen      total 4561408K, used 1446304K [0x0000000580000000, 0x0000000749c80000, 0x0000000800000000)
  eden space 1594880K, 0% used [0x0000000580000000,0x0000000580000000,0x00000005e1580000)
  from space 2966528K, 48% used [0x0000000694b80000,0x00000006ecfe8010,0x0000000749c80000)
  to   space 2938880K, 0% used [0x00000005e1580000,0x00000005e1580000,0x0000000694b80000)
 ParOldGen       total 9406464K, used 9405736K [0x0000000080000000, 0x00000002be200000, 0x0000000580000000)
  object space 9406464K, 99% used [0x0000000080000000,0x00000002be14a2b0,0x00000002be200000)
 Metaspace       used 71138K, capacity 71666K, committed 71960K, reserved 1110016K
  class space    used 10538K, capacity 10679K, committed 10784K, reserved 1048576K
}
Event: 104,610 GC heap before
{Heap before GC invocations=41 (full 9):
 PSYoungGen      total 4561408K, used 1446304K [0x0000000580000000, 0x0000000749c80000, 0x0000000800000000)
  eden space 1594880K, 0% used [0x0000000580000000,0x0000000580000000,0x00000005e1580000)
  from space 2966528K, 48% used [0x0000000694b80000,0x00000006ecfe8010,0x0000000749c80000)
  to   space 2938880K, 0% used [0x00000005e1580000,0x00000005e1580000,0x0000000694b80000)
 ParOldGen       total 9406464K, used 9405736K [0x0000000080000000, 0x00000002be200000, 0x0000000580000000)
  object space 9406464K, 99% used [0x0000000080000000,0x00000002be14a2b0,0x00000002be200000)
 Metaspace       used 71138K, capacity 71666K, committed 71960K, reserved 1110016K
  class space    used 10538K, capacity 10679K, committed 10784K, reserved 1048576K

