# JRE version: Java(TM) SE Runtime Environment (8.0_201-b09) (build 1.8.0_201-b09)
# Java VM: Java HotSpot(TM) 64-Bit Server VM (25.201-b09 mixed mode linux-amd64 compressed oops)
Heap:
 PSYoungGen      total 8317952K, used 0K [0x0000000580000000, 0x0000000800000000, 0x0000000800000000)
  eden space 6150144K, 0% used [0x0000000580000000,0x0000000580000000,0x00000006f7600000)
  from space 2167808K, 0% used [0x00000006f7600000,0x00000006f7600000,0x000000077bb00000)
  to   space 2123776K, 0% used [0x000000077e600000,0x000000077e600000,0x0000000800000000)
 ParOldGen       total 10729984K, used 1181976K [0x0000000080000000, 0x000000030ee80000, 0x0000000580000000)
  object space 10729984K, 11% used [0x0000000080000000,0x00000000c8246090,0x000000030ee80000)
 Metaspace       used 83906K, capacity 85464K, committed 85528K, reserved 1122304K
  class space    used 11789K, capacity 12036K, committed 12064K, reserved 1048576K
GC Heap History (10 events):
Event: 2143,024 GC heap after
Heap after GC invocations=542 (full 69):
 PSYoungGen      total 8139264K, used 971993K [0x0000000580000000, 0x0000000800000000, 0x0000000800000000)
  eden space 6106624K, 0% used [0x0000000580000000,0x0000000580000000,0x00000006f4b80000)
  from space 2032640K, 47% used [0x00000006f4b80000,0x00000007300b65b8,0x0000000770c80000)
  to   space 2024960K, 0% used [0x0000000784680000,0x0000000784680000,0x0000000800000000)
 ParOldGen       total 10729984K, used 7388488K [0x0000000080000000, 0x000000030ee80000, 0x0000000580000000)
  object space 10729984K, 68% used [0x0000000080000000,0x0000000242f521d8,0x000000030ee80000)
 Metaspace       used 83891K, capacity 85458K, committed 85528K, reserved 1122304K
  class space    used 11788K, capacity 12035K, committed 12064K, reserved 1048576K
}
Event: 2144,654 GC heap before
{Heap before GC invocations=543 (full 69):
 PSYoungGen      total 8139264K, used 7078617K [0x0000000580000000, 0x0000000800000000, 0x0000000800000000)
  eden space 6106624K, 100% used [0x0000000580000000,0x00000006f4b80000,0x00000006f4b80000)
  from space 2032640K, 47% used [0x00000006f4b80000,0x00000007300b65b8,0x0000000770c80000)
  to   space 2024960K, 0% used [0x0000000784680000,0x0000000784680000,0x0000000800000000)
 ParOldGen       total 10729984K, used 7388488K [0x0000000080000000, 0x000000030ee80000, 0x0000000580000000)
  object space 10729984K, 68% used [0x0000000080000000,0x0000000242f521d8,0x000000030ee80000)
 Metaspace       used 83891K, capacity 85458K, committed 85528K, reserved 1122304K
  class space    used 11788K, capacity 12035K, committed 12064K, reserved 1048576K
Event: 2144,806 GC heap after
Heap after GC invocations=543 (full 69):
 PSYoungGen      total 8355328K, used 99030K [0x0000000580000000, 0x00000007fa080000, 0x0000000800000000)
  eden space 6428160K, 0% used [0x0000000580000000,0x0000000580000000,0x0000000708580000)
  from space 1927168K, 5% used [0x0000000784680000,0x000000078a735b68,0x00000007fa080000)
  to   space 1979904K, 0% used [0x0000000708580000,0x0000000708580000,0x0000000781300000)
 ParOldGen       total 10729984K, used 8353411K [0x0000000080000000, 0x000000030ee80000, 0x0000000580000000)
  object space 10729984K, 77% used [0x0000000080000000,0x000000027dda0ff0,0x000000030ee80000)
 Metaspace       used 83891K, capacity 85458K, committed 85528K, reserved 1122304K
  class space    used 11788K, capacity 12035K, committed 12064K, reserved 1048576K
}
Event: 2146,745 GC heap before
{Heap before GC invocations=544 (full 69):
 PSYoungGen      total 8355328K, used 6527190K [0x0000000580000000, 0x00000007fa080000, 0x0000000800000000)
  eden space 6428160K, 100% used [0x0000000580000000,0x0000000708580000,0x0000000708580000)
  from space 1927168K, 5% used [0x0000000784680000,0x000000078a735b68,0x00000007fa080000)
  to   space 1979904K, 0% used [0x0000000708580000,0x0000000708580000,0x0000000781300000)
 ParOldGen       total 10729984K, used 8353411K [0x0000000080000000, 0x000000030ee80000, 0x0000000580000000)
  object space 10729984K, 77% used [0x0000000080000000,0x000000027dda0ff0,0x000000030ee80000)
 Metaspace       used 83891K, capacity 85458K, committed 85528K, reserved 1122304K
  class space    used 11788K, capacity 12035K, committed 12064K, reserved 1048576K
Event: 2146,792 GC heap after
Heap after GC invocations=544 (full 69):
 PSYoungGen      total 8408064K, used 195136K [0x0000000580000000, 0x00000007fa680000, 0x0000000800000000)
  eden space 6428160K, 0% used [0x0000000580000000,0x0000000580000000,0x0000000708580000)
  from space 1979904K, 9% used [0x0000000708580000,0x00000007144101d8,0x0000000781300000)
  to   space 1907712K, 0% used [0x0000000785f80000,0x0000000785f80000,0x00000007fa680000)
 ParOldGen       total 10729984K, used 8417451K [0x0000000080000000, 0x000000030ee80000, 0x0000000580000000)
  object space 10729984K, 78% used [0x0000000080000000,0x0000000281c2aca0,0x000000030ee80000)
 Metaspace       used 83891K, capacity 85458K, committed 85528K, reserved 1122304K
  class space    used 11788K, capacity 12035K, committed 12064K, reserved 1048576K
}
Event: 2151,507 GC heap before
{Heap before GC invocations=545 (full 69):
 PSYoungGen      total 8408064K, used 6623296K [0x0000000580000000, 0x00000007fa680000, 0x0000000800000000)
  eden space 6428160K, 100% used [0x0000000580000000,0x0000000708580000,0x0000000708580000)
  from space 1979904K, 9% used [0x0000000708580000,0x00000007144101d8,0x0000000781300000)
  to   space 1907712K, 0% used [0x0000000785f80000,0x0000000785f80000,0x00000007fa680000)
 ParOldGen       total 10729984K, used 8417451K [0x0000000080000000, 0x000000030ee80000, 0x0000000580000000)
  object space 10729984K, 78% used [0x0000000080000000,0x0000000281c2aca0,0x000000030ee80000)
 Metaspace       used 83918K, capacity 85482K, committed 85528K, reserved 1122304K
  class space    used 11791K, capacity 12039K, committed 12064K, reserved 1048576K
Event: 2151,725 GC heap after
Heap after GC invocations=545 (full 69):
 PSYoungGen      total 8057856K, used 1620036K [0x0000000580000000, 0x0000000800000000, 0x0000000800000000)
  eden space 6150144K, 0% used [0x0000000580000000,0x0000000580000000,0x00000006f7600000)
  from space 1907712K, 84% used [0x0000000785f80000,0x00000007e8d91308,0x00000007fa680000)
  to   space 2167808K, 0% used [0x00000006f7600000,0x00000006f7600000,0x000000077bb00000)
 ParOldGen       total 10729984K, used 8431403K [0x0000000080000000, 0x000000030ee80000, 0x0000000580000000)
  object space 10729984K, 78% used [0x0000000080000000,0x00000002829caf40,0x000000030ee80000)
 Metaspace       used 83918K, capacity 85482K, committed 85528K, reserved 1122304K
  class space    used 11791K, capacity 12039K, committed 12064K, reserved 1048576K
}
Event: 2153,201 GC heap before
{Heap before GC invocations=546 (full 69):
 PSYoungGen      total 8057856K, used 7770180K [0x0000000580000000, 0x0000000800000000, 0x0000000800000000)
  eden space 6150144K, 100% used [0x0000000580000000,0x00000006f7600000,0x00000006f7600000)
  from space 1907712K, 84% used [0x0000000785f80000,0x00000007e8d91308,0x00000007fa680000)
  to   space 2167808K, 0% used [0x00000006f7600000,0x00000006f7600000,0x000000077bb00000)
 ParOldGen       total 10729984K, used 8431403K [0x0000000080000000, 0x000000030ee80000, 0x0000000580000000)
  object space 10729984K, 78% used [0x0000000080000000,0x00000002829caf40,0x000000030ee80000)
 Metaspace       used 83918K, capacity 85482K, committed 85528K, reserved 1122304K
  class space    used 11791K, capacity 12039K, committed 12064K, reserved 1048576K
Event: 2153,748 GC heap after
Heap after GC invocations=546 (full 69):
 PSYoungGen      total 8317952K, used 27170K [0x0000000580000000, 0x0000000800000000, 0x0000000800000000)
  eden space 6150144K, 0% used [0x0000000580000000,0x0000000580000000,0x00000006f7600000)
  from space 2167808K, 1% used [0x00000006f7600000,0x00000006f9088be0,0x000000077bb00000)
  to   space 2123776K, 0% used [0x000000077e600000,0x000000077e600000,0x0000000800000000)
 ParOldGen       total 10729984K, used 10408330K [0x0000000080000000, 0x000000030ee80000, 0x0000000580000000)
  object space 10729984K, 97% used [0x0000000080000000,0x00000002fb462828,0x000000030ee80000)
 Metaspace       used 83918K, capacity 85482K, committed 85528K, reserved 1122304K
  class space    used 11791K, capacity 12039K, committed 12064K, reserved 1048576K
}
Event: 2153,748 GC heap before
{Heap before GC invocations=547 (full 70):
 PSYoungGen      total 8317952K, used 27170K [0x0000000580000000, 0x0000000800000000, 0x0000000800000000)
  eden space 6150144K, 0% used [0x0000000580000000,0x0000000580000000,0x00000006f7600000)
  from space 2167808K, 1% used [0x00000006f7600000,0x00000006f9088be0,0x000000077bb00000)
  to   space 2123776K, 0% used [0x000000077e600000,0x000000077e600000,0x0000000800000000)
 ParOldGen       total 10729984K, used 10408330K [0x0000000080000000, 0x000000030ee80000, 0x0000000580000000)
  object space 10729984K, 97% used [0x0000000080000000,0x00000002fb462828,0x000000030ee80000)
 Metaspace       used 83918K, capacity 85482K, committed 85528K, reserved 1122304K
  class space    used 11791K, capacity 12039K, committed 12064K, reserved 1048576K

